# JRE version: OpenJDK Runtime Environment (8.0_171-b11) (build 1.8.0_171-8u171-b11-0ubuntu0.18.04.1-b11)
# Java VM: OpenJDK 64-Bit Server VM (25.171-b11 mixed mode linux-amd64 compressed oops)
Heap:
 PSYoungGen      total 386048K, used 176450K [0x00000000d7200000, 0x00000000f1400000, 0x0000000100000000)
  eden space 367104K, 48% used [0x00000000d7200000,0x00000000e1e50b60,0x00000000ed880000)
  from space 18944K, 0% used [0x00000000eeb80000,0x00000000eeb80000,0x00000000efe00000)
  to   space 19456K, 0% used [0x00000000ed880000,0x00000000ed880000,0x00000000eeb80000)
 ParOldGen       total 113664K, used 29504K [0x0000000085600000, 0x000000008c500000, 0x00000000d7200000)
  object space 113664K, 25% used [0x0000000085600000,0x00000000872d01a0,0x000000008c500000)
 Metaspace       used 57756K, capacity 60400K, committed 60544K, reserved 1101824K
  class space    used 7500K, capacity 7993K, committed 8064K, reserved 1048576K
GC Heap History (10 events):
Event: 4.518 GC heap before
{Heap before GC invocations=12 (full 2):
 PSYoungGen      total 224768K, used 211456K [0x00000000d7200000, 0x00000000eb200000, 0x0000000100000000)
  eden space 211456K, 100% used [0x00000000d7200000,0x00000000e4080000,0x00000000e4080000)
  from space 13312K, 0% used [0x00000000e4080000,0x00000000e4080000,0x00000000e4d80000)
  to   space 14848K, 0% used [0x00000000ea380000,0x00000000ea380000,0x00000000eb200000)
 ParOldGen       total 82944K, used 21942K [0x0000000085600000, 0x000000008a700000, 0x00000000d7200000)
  object space 82944K, 26% used [0x0000000085600000,0x0000000086b6db98,0x000000008a700000)
 Metaspace       used 50349K, capacity 52522K, committed 52864K, reserved 1095680K
  class space    used 6566K, capacity 6983K, committed 7040K, reserved 1048576K
Event: 4.537 GC heap after
Heap after GC invocations=12 (full 2):
 PSYoungGen      total 297984K, used 14838K [0x00000000d7200000, 0x00000000eb200000, 0x0000000100000000)
  eden space 283136K, 0% used [0x00000000d7200000,0x00000000d7200000,0x00000000e8680000)
  from space 14848K, 99% used [0x00000000ea380000,0x00000000eb1fdb30,0x00000000eb200000)
  to   space 18944K, 0% used [0x00000000e8d00000,0x00000000e8d00000,0x00000000e9f80000)
 ParOldGen       total 82944K, used 27117K [0x0000000085600000, 0x000000008a700000, 0x00000000d7200000)
  object space 82944K, 32% used [0x0000000085600000,0x000000008707b750,0x000000008a700000)
 Metaspace       used 50349K, capacity 52522K, committed 52864K, reserved 1095680K
  class space    used 6566K, capacity 6983K, committed 7040K, reserved 1048576K
}
Event: 23.036 GC heap before
{Heap before GC invocations=13 (full 2):
 PSYoungGen      total 297984K, used 198397K [0x00000000d7200000, 0x00000000eb200000, 0x0000000100000000)
  eden space 283136K, 64% used [0x00000000d7200000,0x00000000e2541c58,0x00000000e8680000)
  from space 14848K, 99% used [0x00000000ea380000,0x00000000eb1fdb30,0x00000000eb200000)
  to   space 18944K, 0% used [0x00000000e8d00000,0x00000000e8d00000,0x00000000e9f80000)
 ParOldGen       total 82944K, used 27117K [0x0000000085600000, 0x000000008a700000, 0x00000000d7200000)
  object space 82944K, 32% used [0x0000000085600000,0x000000008707b750,0x000000008a700000)
 Metaspace       used 56425K, capacity 58940K, committed 59028K, reserved 1099776K
  class space    used 7365K, capacity 7848K, committed 7936K, reserved 1048576K
Event: 23.055 GC heap after
Heap after GC invocations=13 (full 2):
 PSYoungGen      total 308736K, used 11931K [0x00000000d7200000, 0x00000000efe00000, 0x0000000100000000)
  eden space 289792K, 0% used [0x00000000d7200000,0x00000000d7200000,0x00000000e8d00000)
  from space 18944K, 62% used [0x00000000e8d00000,0x00000000e98a6da0,0x00000000e9f80000)
  to   space 18944K, 0% used [0x00000000eeb80000,0x00000000eeb80000,0x00000000efe00000)
 ParOldGen       total 82944K, used 34851K [0x0000000085600000, 0x000000008a700000, 0x00000000d7200000)
  object space 82944K, 42% used [0x0000000085600000,0x0000000087808cc0,0x000000008a700000)
 Metaspace       used 56425K, capacity 58940K, committed 59028K, reserved 1099776K
  class space    used 7365K, capacity 7848K, committed 7936K, reserved 1048576K
}
Event: 23.055 GC heap before
{Heap before GC invocations=14 (full 3):
 PSYoungGen      total 308736K, used 11931K [0x00000000d7200000, 0x00000000efe00000, 0x0000000100000000)
  eden space 289792K, 0% used [0x00000000d7200000,0x00000000d7200000,0x00000000e8d00000)
  from space 18944K, 62% used [0x00000000e8d00000,0x00000000e98a6da0,0x00000000e9f80000)
  to   space 18944K, 0% used [0x00000000eeb80000,0x00000000eeb80000,0x00000000efe00000)
 ParOldGen       total 82944K, used 34851K [0x0000000085600000, 0x000000008a700000, 0x00000000d7200000)
  object space 82944K, 42% used [0x0000000085600000,0x0000000087808cc0,0x000000008a700000)
 Metaspace       used 56425K, capacity 58940K, committed 59028K, reserved 1099776K
  class space    used 7365K, capacity 7848K, committed 7936K, reserved 1048576K
Event: 23.175 GC heap after
Heap after GC invocations=14 (full 3):
 PSYoungGen      total 308736K, used 0K [0x00000000d7200000, 0x00000000efe00000, 0x0000000100000000)
  eden space 289792K, 0% used [0x00000000d7200000,0x00000000d7200000,0x00000000e8d00000)
  from space 18944K, 0% used [0x00000000e8d00000,0x00000000e8d00000,0x00000000e9f80000)
  to   space 18944K, 0% used [0x00000000eeb80000,0x00000000eeb80000,0x00000000efe00000)
 ParOldGen       total 113664K, used 34829K [0x0000000085600000, 0x000000008c500000, 0x00000000d7200000)
  object space 113664K, 30% used [0x0000000085600000,0x00000000878035f0,0x000000008c500000)
 Metaspace       used 56425K, capacity 58940K, committed 59028K, reserved 1099776K
  class space    used 7365K, capacity 7848K, committed 7936K, reserved 1048576K
}
Event: 57.635 GC heap before
{Heap before GC invocations=15 (full 3):
 PSYoungGen      total 308736K, used 46149K [0x00000000d7200000, 0x00000000efe00000, 0x0000000100000000)
  eden space 289792K, 15% used [0x00000000d7200000,0x00000000d9f11740,0x00000000e8d00000)
  from space 18944K, 0% used [0x00000000e8d00000,0x00000000e8d00000,0x00000000e9f80000)
  to   space 18944K, 0% used [0x00000000eeb80000,0x00000000eeb80000,0x00000000efe00000)
 ParOldGen       total 113664K, used 34829K [0x0000000085600000, 0x000000008c500000, 0x00000000d7200000)
  object space 113664K, 30% used [0x0000000085600000,0x00000000878035f0,0x000000008c500000)
 Metaspace       used 57127K, capacity 59724K, committed 60032K, reserved 1101824K
  class space    used 7477K, capacity 7937K, committed 8064K, reserved 1048576K
Event: 57.638 GC heap after
Heap after GC invocations=15 (full 3):
 PSYoungGen      total 386048K, used 813K [0x00000000d7200000, 0x00000000f1400000, 0x0000000100000000)
  eden space 367104K, 0% used [0x00000000d7200000,0x00000000d7200000,0x00000000ed880000)
  from space 18944K, 4% used [0x00000000eeb80000,0x00000000eec4b5f8,0x00000000efe00000)
  to   space 19456K, 0% used [0x00000000ed880000,0x00000000ed880000,0x00000000eeb80000)
 ParOldGen       total 113664K, used 34837K [0x0000000085600000, 0x000000008c500000, 0x00000000d7200000)
  object space 113664K, 30% used [0x0000000085600000,0x00000000878055f0,0x000000008c500000)
 Metaspace       used 57127K, capacity 59724K, committed 60032K, reserved 1101824K
  class space    used 7477K, capacity 7937K, committed 8064K, reserved 1048576K
}
Event: 57.638 GC heap before
{Heap before GC invocations=16 (full 4):
 PSYoungGen      total 386048K, used 813K [0x00000000d7200000, 0x00000000f1400000, 0x0000000100000000)
  eden space 367104K, 0% used [0x00000000d7200000,0x00000000d7200000,0x00000000ed880000)
  from space 18944K, 4% used [0x00000000eeb80000,0x00000000eec4b5f8,0x00000000efe00000)
  to   space 19456K, 0% used [0x00000000ed880000,0x00000000ed880000,0x00000000eeb80000)
 ParOldGen       total 113664K, used 34837K [0x0000000085600000, 0x000000008c500000, 0x00000000d7200000)
  object space 113664K, 30% used [0x0000000085600000,0x00000000878055f0,0x000000008c500000)
 Metaspace       used 57127K, capacity 59724K, committed 60032K, reserved 1101824K
  class space    used 7477K, capacity 7937K, committed 8064K, reserved 1048576K
Event: 57.839 GC heap after
Heap after GC invocations=16 (full 4):
 PSYoungGen      total 386048K, used 0K [0x00000000d7200000, 0x00000000f1400000, 0x0000000100000000)
  eden space 367104K, 0% used [0x00000000d7200000,0x00000000d7200000,0x00000000ed880000)
  from space 18944K, 0% used [0x00000000eeb80000,0x00000000eeb80000,0x00000000efe00000)
  to   space 19456K, 0% used [0x00000000ed880000,0x00000000ed880000,0x00000000eeb80000)
 ParOldGen       total 113664K, used 29504K [0x0000000085600000, 0x000000008c500000, 0x00000000d7200000)
  object space 113664K, 25% used [0x0000000085600000,0x00000000872d01a0,0x000000008c500000)
 Metaspace       used 57127K, capacity 59724K, committed 60032K, reserved 1101824K
  class space    used 7477K, capacity 7937K, committed 8064K, reserved 1048576K
}

